<?xml version="1.0" encoding="UTF-8"?>
<!-- Generated by org.testng.reporters.JUnitXMLReporter -->
<testsuite hostname="dell-PC" name="Test" tests="3" failures="0" timestamp="27 Mar 2017 17:19:14 GMT" time="0.216" errors="0">
  <testcase name="test1" time="0.055" classname="space.testsuites.PracticTestNG"/>
  <testcase name="test2" time="0.006" classname="space.testsuites.PracticTestNG"/>
  <testcase name="test3" time="0.004" classname="space.testsuites.PracticTestNG"/>
</testsuite> <!-- Test -->
