<?xml version="1.0" encoding="UTF-8"?>
<!-- Generated by org.testng.reporters.JUnitXMLReporter -->
<testsuite hostname="dell-PC" name="Default test" tests="4" failures="0" timestamp="27 Mar 2017 17:02:34 GMT" time="0.183" errors="0">
  <testcase name="test2" time="0.061" classname="space.testsuites.PracticTestNG"/>
  <testcase name="test3" time="0.003" classname="space.testsuites.PracticTestNG"/>
  <testcase name="test4" time="0.002" classname="space.testsuites.PracticTestNG"/>
  <testcase name="test5" time="0.002" classname="space.testsuites.PracticTestNG"/>
</testsuite> <!-- Default test -->
